\BOOKMARK [1][-]{section*.2}{前言}{}% 1
\BOOKMARK [1][-]{section*.3}{Pandoc 手冊}{}% 2
\BOOKMARK [1][-]{section*.4}{網際正齒輪減速機設計\(2ag1\)}{}% 3
\BOOKMARK [1][-]{section*.5}{設計程式架構}{}% 4
\BOOKMARK [1][-]{section*.6}{結果與討論}{}% 5
\BOOKMARK [1][-]{section*.7}{網際鼓式煞車設計\(2ag2\)}{}% 6
\BOOKMARK [1][-]{section*.8}{程式設計架構}{}% 7
\BOOKMARK [1][-]{section*.9}{結果與討論}{}% 8
<<<<<<< HEAD
\BOOKMARK [1][-]{section*.10}{網際鼓式煞車設計\(2ag3\)}{}% 9
\BOOKMARK [1][-]{section*.11}{程式設計架構}{}% 10
\BOOKMARK [1][-]{section*.12}{結果與討論}{}% 11
\BOOKMARK [1][-]{section*.13}{網際鼓式煞車設計\(2ag4\)}{}% 12
\BOOKMARK [1][-]{section*.14}{程式設計架構}{}% 13
\BOOKMARK [1][-]{section*.15}{結果與討論}{}% 14
\BOOKMARK [1][-]{section*.16}{網際四連桿機構設計\(2ag5\)}{}% 15
\BOOKMARK [1][-]{section*.17}{程式設計架構}{}% 16
\BOOKMARK [1][-]{section*.18}{結果與討論}{}% 17
\BOOKMARK [1][-]{section*.19}{網際鼓式煞車設計\(2ag6\)}{}% 18
\BOOKMARK [1][-]{section*.20}{程式設計架構}{}% 19
\BOOKMARK [1][-]{section*.21}{結果與討論}{}% 20
\BOOKMARK [1][-]{section*.22}{網際鼓式煞車設計\(2ag7\)}{}% 21
\BOOKMARK [1][-]{section*.23}{程式設計架構}{}% 22
\BOOKMARK [1][-]{section*.24}{結果與討論}{}% 23
\BOOKMARK [1][-]{section*.25}{網際鼓式煞車設計\(2ag7\)}{}% 24
\BOOKMARK [1][-]{section*.26}{程式設計架構}{}% 25
\BOOKMARK [1][-]{section*.27}{結果與討論}{}% 26
\BOOKMARK [1][-]{section*.28}{網際鼓式煞車設計\(2ag10\)}{}% 27
\BOOKMARK [1][-]{section*.29}{程式設計架構}{}% 28
\BOOKMARK [1][-]{section*.30}{結果與討論}{}% 29
\BOOKMARK [1][-]{section*.31}{網際鼓式煞車設計\(2ag11\)}{}% 30
\BOOKMARK [1][-]{section*.32}{程式設計架構}{}% 31
\BOOKMARK [1][-]{section*.33}{結果與討論}{}% 32
\BOOKMARK [1][-]{section*.34}{網際鼓式煞車設計\(2ag12\)}{}% 33
\BOOKMARK [1][-]{section*.35}{程式設計架構}{}% 34
\BOOKMARK [1][-]{section*.36}{結果與討論}{}% 35
\BOOKMARK [1][-]{section*.37}{網際鼓式煞車設計\(2ag13\)}{}% 36
\BOOKMARK [1][-]{section*.38}{程式設計架構}{}% 37
\BOOKMARK [1][-]{section*.39}{結果與討論}{}% 38
\BOOKMARK [1][-]{section*.40}{網際鼓式煞車設計\(2ag14\)}{}% 39
\BOOKMARK [1][-]{section*.41}{程式設計架構}{}% 40
\BOOKMARK [1][-]{section*.42}{結果與討論}{}% 41
\BOOKMARK [1][-]{section*.43}{網際鼓式煞車設計\(2ag16\)}{}% 42
\BOOKMARK [1][-]{section*.44}{程式設計架構}{}% 43
\BOOKMARK [1][-]{section*.45}{結果與討論}{}% 44
\BOOKMARK [1][-]{section*.46}{網際鼓式煞車設計\(2ag17\)}{}% 45
\BOOKMARK [1][-]{section*.47}{程式設計架構}{}% 46
\BOOKMARK [1][-]{section*.48}{結果與討論}{}% 47
\BOOKMARK [1][-]{section*.49}{網際鼓式煞車設計\(2ag21\)}{}% 48
\BOOKMARK [1][-]{section*.50}{程式設計架構}{}% 49
\BOOKMARK [1][-]{section*.51}{結果與討論}{}% 50
\BOOKMARK [1][-]{section*.52}{網際 OpenJSCAD 程式設計\(coursemdetw\)}{}% 51
\BOOKMARK [1][-]{section*.53}{設計程式架構}{}% 52
\BOOKMARK [1][-]{section*.54}{結果與討論}{}% 53
=======
\BOOKMARK [1][-]{section*.10}{W12任務\(2ag3\)}{}% 9
\BOOKMARK [1][-]{section*.11}{摘要報告}{}% 10
\BOOKMARK [1][-]{section*.12}{網際鼓式煞車設計\(2ag4\)}{}% 11
\BOOKMARK [1][-]{section*.13}{程式設計架構}{}% 12
\BOOKMARK [1][-]{section*.14}{結果與討論}{}% 13
\BOOKMARK [1][-]{section*.15}{網際四連桿機構設計\(2ag5\)}{}% 14
\BOOKMARK [1][-]{section*.16}{程式設計架構}{}% 15
\BOOKMARK [1][-]{section*.17}{結果與討論}{}% 16
\BOOKMARK [1][-]{section*.18}{網際鼓式煞車設計\(2ag6\)}{}% 17
\BOOKMARK [1][-]{section*.19}{程式設計架構}{}% 18
\BOOKMARK [1][-]{section*.20}{結果與討論}{}% 19
\BOOKMARK [1][-]{section*.21}{網際鼓式煞車設計\(2ag7\)}{}% 20
\BOOKMARK [1][-]{section*.22}{程式設計架構}{}% 21
\BOOKMARK [1][-]{section*.23}{結果與討論}{}% 22
\BOOKMARK [1][-]{section*.24}{網際鼓式煞車設計\(2ag7\)}{}% 23
\BOOKMARK [1][-]{section*.25}{程式設計架構}{}% 24
\BOOKMARK [1][-]{section*.26}{結果與討論}{}% 25
\BOOKMARK [1][-]{section*.27}{網際鼓式煞車設計\(2ag10\)}{}% 26
\BOOKMARK [1][-]{section*.28}{程式設計架構}{}% 27
\BOOKMARK [1][-]{section*.29}{結果與討論}{}% 28
\BOOKMARK [1][-]{section*.30}{網際鼓式煞車設計\(2ag11\)}{}% 29
\BOOKMARK [1][-]{section*.31}{程式設計架構}{}% 30
\BOOKMARK [1][-]{section*.32}{結果與討論}{}% 31
\BOOKMARK [1][-]{section*.33}{網際鼓式煞車設計\(2ag12\)}{}% 32
\BOOKMARK [1][-]{section*.34}{程式設計架構}{}% 33
\BOOKMARK [1][-]{section*.35}{結果與討論}{}% 34
\BOOKMARK [1][-]{section*.36}{網際鼓式煞車設計\(2ag13\)}{}% 35
\BOOKMARK [1][-]{section*.37}{程式設計架構}{}% 36
\BOOKMARK [1][-]{section*.38}{結果與討論}{}% 37
\BOOKMARK [1][-]{section*.39}{網際鼓式煞車設計\(2ag14\)}{}% 38
\BOOKMARK [1][-]{section*.40}{程式設計架構}{}% 39
\BOOKMARK [1][-]{section*.41}{結果與討論}{}% 40
\BOOKMARK [1][-]{section*.42}{網際鼓式煞車設計\(2ag16\)}{}% 41
\BOOKMARK [1][-]{section*.43}{程式設計架構}{}% 42
\BOOKMARK [1][-]{section*.44}{結果與討論}{}% 43
\BOOKMARK [1][-]{section*.45}{網際鼓式煞車設計\(2ag17\)}{}% 44
\BOOKMARK [1][-]{section*.46}{程式設計架構}{}% 45
\BOOKMARK [1][-]{section*.47}{結果與討論}{}% 46
\BOOKMARK [1][-]{section*.48}{網際鼓式煞車設計\(2ag21\)}{}% 47
\BOOKMARK [1][-]{section*.49}{程式設計架構}{}% 48
\BOOKMARK [1][-]{section*.50}{結果與討論}{}% 49
\BOOKMARK [1][-]{section*.51}{網際 OpenJSCAD 程式設計\(coursemdetw\)}{}% 50
\BOOKMARK [1][-]{section*.52}{設計程式架構}{}% 51
\BOOKMARK [1][-]{section*.53}{結果與討論}{}% 52
>>>>>>> c63ff04768a774010350e3ad3fe24373d0954286
